  Main.cpp
C:\Users\Admin\source\repos\ElectionResultsProject\InputHandler.h(8,6): error C2182: 'createCandidateList': this use of 'void' is not valid
C:\Users\Admin\source\repos\ElectionResultsProject\InputHandler.h(8,26): error C2065: 'ifstream': undeclared identifier
C:\Users\Admin\source\repos\ElectionResultsProject\InputHandler.h(8,36): error C2065: 'infile': undeclared identifier
C:\Users\Admin\source\repos\ElectionResultsProject\InputHandler.h(8,59): error C2065: 'candidateList': undeclared identifier
C:\Users\Admin\source\repos\ElectionResultsProject\InputHandler.h(8,44): error C2275: 'CandidateList': expected an expression instead of a type
C:\Users\Admin\source\repos\ElectionResultsProject\InputHandler.h(9,1): error C2143: syntax error: missing ';' before '{'
C:\Users\Admin\source\repos\ElectionResultsProject\InputHandler.h(12,14): error C4430: missing type specifier - int assumed. Note: C++ does not support default-int
C:\Users\Admin\source\repos\ElectionResultsProject\InputHandler.h(12,9): error C2146: syntax error: missing ';' before identifier 'fName'
C:\Users\Admin\source\repos\ElectionResultsProject\InputHandler.h(13,9): error C2143: syntax error: missing ';' before '>>'
C:\Users\Admin\source\repos\ElectionResultsProject\InputHandler.h(13,9): error C4430: missing type specifier - int assumed. Note: C++ does not support default-int
C:\Users\Admin\source\repos\ElectionResultsProject\InputHandler.h(13,9): error C2059: syntax error: '>>'
C:\Users\Admin\source\repos\ElectionResultsProject\InputHandler.h(14,2): error C2059: syntax error: 'while'
C:\Users\Admin\source\repos\ElectionResultsProject\InputHandler.h(15,2): error C2143: syntax error: missing ';' before '{'
C:\Users\Admin\source\repos\ElectionResultsProject\InputHandler.h(15,2): error C2447: '{': missing function header (old-style formal list?)
C:\Users\Admin\source\repos\ElectionResultsProject\InputHandler.h(28,1): error C2059: syntax error: '}'
C:\Users\Admin\source\repos\ElectionResultsProject\InputHandler.h(28,1): error C2143: syntax error: missing ';' before '}'
C:\Users\Admin\source\repos\ElectionResultsProject\InputHandler.h(30,1): error C2143: syntax error: missing ';' before '{'
C:\Users\Admin\source\repos\ElectionResultsProject\InputHandler.h(30,1): error C2447: '{': missing function header (old-style formal list?)
C:\Users\Admin\source\repos\ElectionResultsProject\Main.cpp(21,6): error C2365: 'createCandidateList': redefinition; previous definition was 'data variable'
C:\Users\Admin\source\repos\ElectionResultsProject\InputHandler.h(8,6): message : see declaration of 'createCandidateList'
C:\Users\Admin\source\repos\ElectionResultsProject\Main.cpp(23,11): error C2374: 'NUM_OF_CAMPUSES': redefinition; multiple initialization
C:\Users\Admin\source\repos\ElectionResultsProject\CandidateType.h(8,11): message : see declaration of 'NUM_OF_CAMPUSES'
C:\Users\Admin\source\repos\ElectionResultsProject\Main.cpp(57,10): error C2872: 'string': ambiguous symbol
C:\Users\Admin\source\repos\ElectionResultsProject\InputHandler.h(12,2): message : could be 'int string'
C:\Program Files\Microsoft Visual Studio\2022\Community\VC\Tools\MSVC\14.34.31933\include\xstring(5297,7): message : or       'std::string'
C:\Users\Admin\source\repos\ElectionResultsProject\Main.cpp(57,15): error C2872: 'string': ambiguous symbol
C:\Users\Admin\source\repos\ElectionResultsProject\InputHandler.h(12,2): message : could be 'int string'
C:\Program Files\Microsoft Visual Studio\2022\Community\VC\Tools\MSVC\14.34.31933\include\xstring(5297,7): message : or       'std::string'
C:\Users\Admin\source\repos\ElectionResultsProject\Main.cpp(57,10): error C2146: syntax error: missing ';' before identifier 'fName'
C:\Users\Admin\source\repos\ElectionResultsProject\Main.cpp(57,10): error C2065: 'fName': undeclared identifier
C:\Users\Admin\source\repos\ElectionResultsProject\Main.cpp(57,17): error C2065: 'lName': undeclared identifier
  PersonType.cpp
  Generating Code...
